v131v@i111680804:~/Desktop/tasks$ ./openmp/build/3
Введите границы интегрирования (a, b): 0 100
Введите количество разбиений n: 10000
Максимальное количество потоков: 16
Размер задачи (n): 10000
Результат интегрирования (последовательно): 333283
Время (последовательно): 0.000497818 секунд
Результат интегрирования (параллельно, потоки: 1): 333283
Время (параллельно, потоки: 1): 0.000104189 секунд
Ускорение: 4.77803

Результат интегрирования (параллельно, потоки: 2): 333283
Время (параллельно, потоки: 2): 5.6982e-05 секунд
Ускорение: 8.7364

Результат интегрирования (параллельно, потоки: 3): 333283
Время (параллельно, потоки: 3): 3.88622e-05 секунд
Ускорение: 12.8098

Результат интегрирования (параллельно, потоки: 4): 333283
Время (параллельно, потоки: 4): 3.19481e-05 секунд
Ускорение: 15.5821

Результат интегрирования (параллельно, потоки: 5): 333283
Время (параллельно, потоки: 5): 2.69413e-05 секунд
Ускорение: 18.4779

Результат интегрирования (параллельно, потоки: 6): 333283
Время (параллельно, потоки: 6): 2.28882e-05 секунд
Ускорение: 21.75

Результат интегрирования (параллельно, потоки: 7): 333283
Время (параллельно, потоки: 7): 2.19345e-05 секунд
Ускорение: 22.6957

Результат интегрирования (параллельно, потоки: 8): 333283
Время (параллельно, потоки: 8): 2.12193e-05 секунд
Ускорение: 23.4607

Результат интегрирования (параллельно, потоки: 9): 333283
Время (параллельно, потоки: 9): 2.00272e-05 секунд
Ускорение: 24.8571

Результат интегрирования (параллельно, потоки: 10): 333283
Время (параллельно, потоки: 10): 1.90735e-05 секунд
Ускорение: 26.1

Результат интегрирования (параллельно, потоки: 11): 333283
Время (параллельно, потоки: 11): 1.69277e-05 секунд
Ускорение: 29.4085

Результат интегрирования (параллельно, потоки: 12): 333283
Время (параллельно, потоки: 12): 1.78814e-05 секунд
Ускорение: 27.84

Результат интегрирования (параллельно, потоки: 13): 333283
Время (параллельно, потоки: 13): 1.5974e-05 секунд
Ускорение: 31.1642

Результат интегрирования (параллельно, потоки: 14): 333283
Время (параллельно, потоки: 14): 2.31266e-05 секунд
Ускорение: 21.5258

Результат интегрирования (параллельно, потоки: 15): 333283
Время (параллельно, потоки: 15): 1.62125e-05 секунд
Ускорение: 30.7059

Результат интегрирования (параллельно, потоки: 16): 333283
Время (параллельно, потоки: 16): 1.69277e-05 секунд
Ускорение: 29.4085
