v131v@i111680804:~/Desktop/tasks$ ./openmp/build/4
Введите количество строк матрицы (m): 10000
Введите количество столбцов матрицы (n): 10000
Максимальное количество потоков: 16
Результат (последовательно): 0
Время (последовательно): 0.096694 секунд
Результат (параллельно, потоки: 1): 0
Время (параллельно, потоки: 1): 0.709542 секунд
Ускорение: 0.136277

Результат (параллельно, потоки: 2): 0
Время (параллельно, потоки: 2): 0.321741 секунд
Ускорение: 0.300534

Результат (параллельно, потоки: 3): 0
Время (параллельно, потоки: 3): 0.217064 секунд
Ускорение: 0.445463

Результат (параллельно, потоки: 4): 0
Время (параллельно, потоки: 4): 0.171293 секунд
Ускорение: 0.564495

Результат (параллельно, потоки: 5): 0
Время (параллельно, потоки: 5): 0.140245 секунд
Ускорение: 0.689465

Результат (параллельно, потоки: 6): 0
Время (параллельно, потоки: 6): 0.118236 секунд
Ускорение: 0.817805

Результат (параллельно, потоки: 7): 0
Время (параллельно, потоки: 7): 0.148477 секунд
Ускорение: 0.65124

Результат (параллельно, потоки: 8): 0
Время (параллельно, потоки: 8): 0.144474 секунд
Ускорение: 0.669283

Результат (параллельно, потоки: 9): 0
Время (параллельно, потоки: 9): 0.154059 секунд
Ускорение: 0.627643

Результат (параллельно, потоки: 10): 0
Время (параллельно, потоки: 10): 0.137979 секунд
Ускорение: 0.700788

Результат (параллельно, потоки: 11): 0
Время (параллельно, потоки: 11): 0.126112 секунд
Ускорение: 0.766731

Результат (параллельно, потоки: 12): 0
Время (параллельно, потоки: 12): 0.116562 секунд
Ускорение: 0.829551

Результат (параллельно, потоки: 13): 0
Время (параллельно, потоки: 13): 0.108287 секунд
Ускорение: 0.892943

Результат (параллельно, потоки: 14): 0
Время (параллельно, потоки: 14): 0.101143 секунд
Ускорение: 0.956012

Результат (параллельно, потоки: 15): 0
Время (параллельно, потоки: 15): 0.0955238 секунд
Ускорение: 1.01225

Результат (параллельно, потоки: 16): 0
Время (параллельно, потоки: 16): 0.094677 секунд
Ускорение: 1.0213
