v131v@i111680804:~/Desktop/tasks$ ./openmp/build/5
Введите количество строк матрицы (m): 10000
Введите количество столбцов матрицы (n): 10000
Выберите тип матрицы (1 - ленточная, 2 - верхнетреугольная): 1
Введите ширину полосы для ленточной матрицы: 100
Максимальное количество потоков: 16
Результат (последовательно): 0
Время (последовательно): 0.112025 секунд
Результат (параллельно, потоки: 1): 0
Время (параллельно, потоки: 1): 0.671792 секунд
Ускорение: 0.166756

Результат (параллельно, потоки: 2): 0
Время (параллельно, потоки: 2): 0.299254 секунд
Ускорение: 0.374347

Результат (параллельно, потоки: 3): 0
Время (параллельно, потоки: 3): 0.205804 секунд
Ускорение: 0.544329

Результат (параллельно, потоки: 4): 0
Время (параллельно, потоки: 4): 0.188601 секунд
Ускорение: 0.593979

Результат (параллельно, потоки: 5): 0
Время (параллельно, потоки: 5): 0.131391 секунд
Ускорение: 0.852608

Результат (параллельно, потоки: 6): 0
Время (параллельно, потоки: 6): 0.111231 секунд
Ускорение: 1.00714

Результат (параллельно, потоки: 7): 0
Время (параллельно, потоки: 7): 0.103934 секунд
Ускорение: 1.07785

Результат (параллельно, потоки: 8): 0
Время (параллельно, потоки: 8): 0.139266 секунд
Ускорение: 0.804396

Результат (параллельно, потоки: 9): 0
Время (параллельно, потоки: 9): 0.148584 секунд
Ускорение: 0.753951

Результат (параллельно, потоки: 10): 0
Время (параллельно, потоки: 10): 0.135778 секунд
Ускорение: 0.82506

Результат (параллельно, потоки: 11): 0
Время (параллельно, потоки: 11): 0.123574 секунд
Ускорение: 0.906542

Результат (параллельно, потоки: 12): 0
Время (параллельно, потоки: 12): 0.113919 секунд
Ускорение: 0.983374

Результат (параллельно, потоки: 13): 0
Время (параллельно, потоки: 13): 0.105967 секунд
Ускорение: 1.05717

Результат (параллельно, потоки: 14): 0
Время (параллельно, потоки: 14): 0.102228 секунд
Ускорение: 1.09584

Результат (параллельно, потоки: 15): 0
Время (параллельно, потоки: 15): 0.0964661 секунд
Ускорение: 1.16129

Результат (параллельно, потоки: 16): 0
Время (параллельно, потоки: 16): 0.102819 секунд
Ускорение: 1.08953


v131v@i111680804:~/Desktop/tasks$ ./openmp/build/5
Введите количество строк матрицы (m): 10000
Введите количество столбцов матрицы (n): 10000
Выберите тип матрицы (1 - ленточная, 2 - верхнетреугольная): 1
Введите ширину полосы для ленточной матрицы: 1000
Максимальное количество потоков: 16
Результат (последовательно): 0
Время (последовательно): 0.0963242 секунд
Результат (параллельно, потоки: 1): 0
Время (параллельно, потоки: 1): 0.670003 секунд
Ускорение: 0.143767

Результат (параллельно, потоки: 2): 0
Время (параллельно, потоки: 2): 0.298303 секунд
Ускорение: 0.322907

Результат (параллельно, потоки: 3): 0
Время (параллельно, потоки: 3): 0.210015 секунд
Ускорение: 0.458654

Результат (параллельно, потоки: 4): 0
Время (параллельно, потоки: 4): 0.1886 секунд
Ускорение: 0.510733

Результат (параллельно, потоки: 5): 0
Время (параллельно, потоки: 5): 0.131396 секунд
Ускорение: 0.733083

Результат (параллельно, потоки: 6): 0
Время (параллельно, потоки: 6): 0.139396 секунд
Ускорение: 0.691011

Результат (параллельно, потоки: 7): 0
Время (параллельно, потоки: 7): 0.10753 секунд
Ускорение: 0.895788

Результат (параллельно, потоки: 8): 0
Время (параллельно, потоки: 8): 0.118416 секунд
Ускорение: 0.813439

Результат (параллельно, потоки: 9): 0
Время (параллельно, потоки: 9): 0.149598 секунд
Ускорение: 0.643887

Результат (параллельно, потоки: 10): 0
Время (параллельно, потоки: 10): 0.134979 секунд
Ускорение: 0.713624

Результат (параллельно, потоки: 11): 0
Время (параллельно, потоки: 11): 0.131167 секунд
Ускорение: 0.734362

Результат (параллельно, потоки: 12): 0
Время (параллельно, потоки: 12): 0.132671 секунд
Ускорение: 0.726039

Результат (параллельно, потоки: 13): 0
Время (параллельно, потоки: 13): 0.12471 секунд
Ускорение: 0.772385

Результат (параллельно, потоки: 14): 0
Время (параллельно, потоки: 14): 0.112241 секунд
Ускорение: 0.858191

Результат (параллельно, потоки: 15): 0
Время (параллельно, потоки: 15): 0.098424 секунд
Ускорение: 0.978666

Результат (параллельно, потоки: 16): 0
Время (параллельно, потоки: 16): 0.0967541 секунд
Ускорение: 0.995557


v131v@i111680804:~/Desktop/tasks$ ./openmp/build/5
Введите количество строк матрицы (m): 10000
Введите количество столбцов матрицы (n): 10000
Выберите тип матрицы (1 - ленточная, 2 - верхнетреугольная): 2
Максимальное количество потоков: 16
Результат (последовательно): 0
Время (последовательно): 0.098187 секунд
Результат (параллельно, потоки: 1): 0
Время (параллельно, потоки: 1): 0.665456 секунд
Ускорение: 0.147548

Результат (параллельно, потоки: 2): 0
Время (параллельно, потоки: 2): 0.321506 секунд
Ускорение: 0.305397

Результат (параллельно, потоки: 3): 0
Время (параллельно, потоки: 3): 0.22132 секунд
Ускорение: 0.443642

Результат (параллельно, потоки: 4): 0
Время (параллельно, потоки: 4): 0.203786 секунд
Ускорение: 0.481814

Результат (параллельно, потоки: 5): 0
Время (параллельно, потоки: 5): 0.134224 секунд
Ускорение: 0.731516

Результат (параллельно, потоки: 6): 0
Время (параллельно, потоки: 6): 0.123355 секунд
Ускорение: 0.795971

Результат (параллельно, потоки: 7): 0
Время (параллельно, потоки: 7): 0.107524 секунд
Ускорение: 0.913164

Результат (параллельно, потоки: 8): 0
Время (параллельно, потоки: 8): 0.129765 секунд
Ускорение: 0.756652

Результат (параллельно, потоки: 9): 0
Время (параллельно, потоки: 9): 0.165522 секунд
Ускорение: 0.593196

Результат (параллельно, потоки: 10): 0
Время (параллельно, потоки: 10): 0.137259 секунд
Ускорение: 0.715341

Результат (параллельно, потоки: 11): 0
Время (параллельно, потоки: 11): 0.126648 секунд
Ускорение: 0.775273

Результат (параллельно, потоки: 12): 0
Время (параллельно, потоки: 12): 0.119878 секунд
Ускорение: 0.819059

Результат (параллельно, потоки: 13): 0
Время (параллельно, потоки: 13): 0.111041 секунд
Ускорение: 0.88424

Результат (параллельно, потоки: 14): 0
Время (параллельно, потоки: 14): 0.104864 секунд
Ускорение: 0.936328

Результат (параллельно, потоки: 15): 0
Время (параллельно, потоки: 15): 0.099808 секунд
Ускорение: 0.983759

Результат (параллельно, потоки: 16): 0
Время (параллельно, потоки: 16): 0.101201 секунд
Ускорение: 0.970217
