v131v@i111680804:~/Desktop/tasks$ ./openmp/build/6
Режим распределения итераций: static
Время работы (режим static): 0.00228715 секунд.
Режим распределения итераций: dynamic
Время работы (режим dynamic): 0.0615799 секунд.
Режим распределения итераций: guided
Время работы (режим guided): 0.000775099 секунд.
v131v@i111680804:~/Desktop/tasks$ ./openmp/build/6
Режим распределения итераций: static
Время работы (режим static): 0.00276399 секунд.
Режим распределения итераций: dynamic
Время работы (режим dynamic): 0.063638 секунд.
Режим распределения итераций: guided
Время работы (режим guided): 0.000411034 секунд.
v131v@i111680804:~/Desktop/tasks$ ./openmp/build/6
Режим распределения итераций: static
Время работы (режим static): 0.00241899 секунд.
Режим распределения итераций: dynamic
Время работы (режим dynamic): 0.060293 секунд.
Режим распределения итераций: guided
Время работы (режим guided): 0.00245094 секунд.
v131v@i111680804:~/Desktop/tasks$ ./openmp/build/6
Режим распределения итераций: static
Время работы (режим static): 0.00279903 секунд.
Режим распределения итераций: dynamic
Время работы (режим dynamic): 0.0611019 секунд.
Режим распределения итераций: guided
Время работы (режим guided): 0.000538111 секунд.
