v131v@i111680804:~/Desktop/tasks$ ./openmp/build/7
Время работы (атомарные операции): 0.00941086 секунд.
Время работы (критическая секция): 0.254073 секунд.
Время работы (замки - mutex): 0.133809 секунд.
Время работы (редукция OpenMP): 0.000313044 секунд.
v131v@i111680804:~/Desktop/tasks$ ./openmp/build/7
Время работы (атомарные операции): 0.00894117 секунд.
Время работы (критическая секция): 0.237454 секунд.
Время работы (замки - mutex): 0.129196 секунд.
Время работы (редукция OpenMP): 0.000287056 секунд.
v131v@i111680804:~/Desktop/tasks$ ./openmp/build/7
Время работы (атомарные операции): 0.00810814 секунд.
Время работы (критическая секция): 0.263627 секунд.
Время работы (замки - mutex): 0.129276 секунд.
Время работы (редукция OpenMP): 0.000257015 секунд.
v131v@i111680804:~/Desktop/tasks$ ./openmp/build/7
Время работы (атомарные операции): 0.00755215 секунд.
Время работы (критическая секция): 0.22524 секунд.
Время работы (замки - mutex): 0.134106 секунд.
Время работы (редукция OpenMP): 0.00026989 секунд.
