v131v@i111680804:~/Desktop/tasks$ ./openmp/build/8
Путь до векторов: openmp/input/vectors10000.in
Скалярное произведение: 24538557
Время чтения данных: 0.00146794 секунд
Время вычисления: 0.000917912 секунд

v131v@i111680804:~/Desktop/tasks$ ./openmp/build/8
Путь до векторов: openmp/input/vectors100000.in
Скалярное произведение: 246334328
Время чтения данных: 0.00889397 секунд
Время вычисления: 0.00108695 секунд

v131v@i111680804:~/Desktop/tasks$ ./openmp/build/8
Путь до векторов: openmp/input/vectors1000000.in
Скалярное произведение: -1847555374
Время чтения данных: 0.084554 секунд
Время вычисления: 0.00162697 секунд

v131v@i111680804:~/Desktop/tasks$ ./openmp/build/8
Путь до векторов: openmp/input/vectors10000000.in
Скалярное произведение: -1276354404
Время чтения данных: 0.800513 секунд
Время вычисления: 0.0113041 секунд
