v131v@i111680804:~/Desktop/tasks$ ./openmp/build/9
Введите количество строк матрицы (m): 1000
Введите количество столбцов матрицы (n): 1000
Максимум без вложенного параллелизма: -99
Максимум с вложенным параллелизмом: -99
Время без вложенного параллелизма: 0.00499415 секунд.
Время с вложенным параллелизмом: 0.164308 секунд.

v131v@i111680804:~/Desktop/tasks$ ./openmp/build/9
Введите количество строк матрицы (m): 10000
Введите количество столбцов матрицы (n): 1000
Максимум без вложенного параллелизма: -99
Максимум с вложенным параллелизмом: -99
Время без вложенного параллелизма: 0.00919199 секунд.
Время с вложенным параллелизмом: 0.594001 секунд.

v131v@i111680804:~/Desktop/tasks$ ./openmp/build/9
Введите количество строк матрицы (m): 10000
Введите количество столбцов матрицы (n): 10000
Максимум без вложенного параллелизма: -100
Максимум с вложенным параллелизмом: -100
Время без вложенного параллелизма: 0.0570922 секунд.
Время с вложенным параллелизмом: 0.678396 секунд.

v131v@i111680804:~/Desktop/tasks$ ./openmp/build/9
Введите количество строк матрицы (m): 10000
Введите количество столбцов матрицы (n): 100000
Максимум без вложенного параллелизма: -100
Максимум с вложенным параллелизмом: -100
Время без вложенного параллелизма: 0.517057 секунд.
Время с вложенным параллелизмом: 1.71558 секунд.
